ERROR - 2022-02-07 00:05:25 --> Duplicate entry '0' for key 'PRIMARY'
CRITICAL - 2022-02-07 00:05:25 --> Duplicate entry '0' for key 'PRIMARY'
#0 C:\xampp\htdocs\Project_CBSD\system\Database\MySQLi\Connection.php(292): mysqli->query('INSERT INTO `gr...', 0)
#1 C:\xampp\htdocs\Project_CBSD\system\Database\BaseConnection.php(670): CodeIgniter\Database\MySQLi\Connection->execute('INSERT INTO `gr...')
#2 C:\xampp\htdocs\Project_CBSD\system\Database\BaseConnection.php(598): CodeIgniter\Database\BaseConnection->simpleQuery('INSERT INTO `gr...')
#3 C:\xampp\htdocs\Project_CBSD\system\Database\BaseBuilder.php(1771): CodeIgniter\Database\BaseConnection->query('INSERT INTO `gr...', Array, false)
#4 C:\xampp\htdocs\Project_CBSD\system\Model.php(239): CodeIgniter\Database\BaseBuilder->insert()
#5 C:\xampp\htdocs\Project_CBSD\system\BaseModel.php(738): CodeIgniter\Model->doInsert(Array)
#6 C:\xampp\htdocs\Project_CBSD\system\Model.php(625): CodeIgniter\BaseModel->insert(Array, true)
#7 C:\xampp\htdocs\Project_CBSD\app\Controllers\Category.php(25): CodeIgniter\Model->insert(Array)
#8 C:\xampp\htdocs\Project_CBSD\system\CodeIgniter.php(825): App\Controllers\Category->addCategory()
#9 C:\xampp\htdocs\Project_CBSD\system\CodeIgniter.php(412): CodeIgniter\CodeIgniter->runController(Object(App\Controllers\Category))
#10 C:\xampp\htdocs\Project_CBSD\system\CodeIgniter.php(320): CodeIgniter\CodeIgniter->handleRequest(NULL, Object(Config\Cache), false)
#11 C:\xampp\htdocs\Project_CBSD\public\index.php(37): CodeIgniter\CodeIgniter->run()
#12 C:\xampp\htdocs\Project_CBSD\system\Commands\Server\rewrite.php(43): require_once('C:\\xampp\\htdocs...')
#13 {main}
ERROR - 2022-02-07 00:05:31 --> Duplicate entry '0' for key 'PRIMARY'
CRITICAL - 2022-02-07 00:05:31 --> Duplicate entry '0' for key 'PRIMARY'
#0 C:\xampp\htdocs\Project_CBSD\system\Database\MySQLi\Connection.php(292): mysqli->query('INSERT INTO `gr...', 0)
#1 C:\xampp\htdocs\Project_CBSD\system\Database\BaseConnection.php(670): CodeIgniter\Database\MySQLi\Connection->execute('INSERT INTO `gr...')
#2 C:\xampp\htdocs\Project_CBSD\system\Database\BaseConnection.php(598): CodeIgniter\Database\BaseConnection->simpleQuery('INSERT INTO `gr...')
#3 C:\xampp\htdocs\Project_CBSD\system\Database\BaseBuilder.php(1771): CodeIgniter\Database\BaseConnection->query('INSERT INTO `gr...', Array, false)
#4 C:\xampp\htdocs\Project_CBSD\system\Model.php(239): CodeIgniter\Database\BaseBuilder->insert()
#5 C:\xampp\htdocs\Project_CBSD\system\BaseModel.php(738): CodeIgniter\Model->doInsert(Array)
#6 C:\xampp\htdocs\Project_CBSD\system\Model.php(625): CodeIgniter\BaseModel->insert(Array, true)
#7 C:\xampp\htdocs\Project_CBSD\app\Controllers\Category.php(25): CodeIgniter\Model->insert(Array)
#8 C:\xampp\htdocs\Project_CBSD\system\CodeIgniter.php(825): App\Controllers\Category->addCategory()
#9 C:\xampp\htdocs\Project_CBSD\system\CodeIgniter.php(412): CodeIgniter\CodeIgniter->runController(Object(App\Controllers\Category))
#10 C:\xampp\htdocs\Project_CBSD\system\CodeIgniter.php(320): CodeIgniter\CodeIgniter->handleRequest(NULL, Object(Config\Cache), false)
#11 C:\xampp\htdocs\Project_CBSD\public\index.php(37): CodeIgniter\CodeIgniter->run()
#12 C:\xampp\htdocs\Project_CBSD\system\Commands\Server\rewrite.php(43): require_once('C:\\xampp\\htdocs...')
#13 {main}
ERROR - 2022-02-07 00:13:52 --> Duplicate entry '7' for key 'PRIMARY'
CRITICAL - 2022-02-07 00:13:52 --> Duplicate entry '7' for key 'PRIMARY'
#0 C:\xampp\htdocs\Project_CBSD\system\Database\MySQLi\Connection.php(292): mysqli->query('INSERT INTO `gr...', 0)
#1 C:\xampp\htdocs\Project_CBSD\system\Database\BaseConnection.php(670): CodeIgniter\Database\MySQLi\Connection->execute('INSERT INTO `gr...')
#2 C:\xampp\htdocs\Project_CBSD\system\Database\BaseConnection.php(598): CodeIgniter\Database\BaseConnection->simpleQuery('INSERT INTO `gr...')
#3 C:\xampp\htdocs\Project_CBSD\system\Database\BaseBuilder.php(1771): CodeIgniter\Database\BaseConnection->query('INSERT INTO `gr...', Array, false)
#4 C:\xampp\htdocs\Project_CBSD\system\Model.php(239): CodeIgniter\Database\BaseBuilder->insert()
#5 C:\xampp\htdocs\Project_CBSD\system\BaseModel.php(738): CodeIgniter\Model->doInsert(Array)
#6 C:\xampp\htdocs\Project_CBSD\system\Model.php(625): CodeIgniter\BaseModel->insert(Array, true)
#7 C:\xampp\htdocs\Project_CBSD\app\Controllers\Category.php(25): CodeIgniter\Model->insert(Array)
#8 C:\xampp\htdocs\Project_CBSD\system\CodeIgniter.php(825): App\Controllers\Category->addCategory()
#9 C:\xampp\htdocs\Project_CBSD\system\CodeIgniter.php(412): CodeIgniter\CodeIgniter->runController(Object(App\Controllers\Category))
#10 C:\xampp\htdocs\Project_CBSD\system\CodeIgniter.php(320): CodeIgniter\CodeIgniter->handleRequest(NULL, Object(Config\Cache), false)
#11 C:\xampp\htdocs\Project_CBSD\public\index.php(37): CodeIgniter\CodeIgniter->run()
#12 C:\xampp\htdocs\Project_CBSD\system\Commands\Server\rewrite.php(43): require_once('C:\\xampp\\htdocs...')
#13 {main}
CRITICAL - 2022-02-07 00:14:37 --> Undefined variable: img
#0 C:\xampp\htdocs\Project_CBSD\app\Views\Category.php(57): CodeIgniter\Debug\Exceptions->errorHandler(8, 'Undefined varia...', 'C:\\xampp\\htdocs...', 57, Array)
#1 C:\xampp\htdocs\Project_CBSD\system\View\View.php(210): include('C:\\xampp\\htdocs...')
#2 C:\xampp\htdocs\Project_CBSD\system\View\View.php(213): CodeIgniter\View\View->CodeIgniter\View\{closure}()
#3 C:\xampp\htdocs\Project_CBSD\system\Common.php(1089): CodeIgniter\View\View->render('Category', Array, true)
#4 C:\xampp\htdocs\Project_CBSD\app\Controllers\Category.php(13): view('Category', Array)
#5 C:\xampp\htdocs\Project_CBSD\system\CodeIgniter.php(825): App\Controllers\Category->viewCategory()
#6 C:\xampp\htdocs\Project_CBSD\system\CodeIgniter.php(412): CodeIgniter\CodeIgniter->runController(Object(App\Controllers\Category))
#7 C:\xampp\htdocs\Project_CBSD\system\CodeIgniter.php(320): CodeIgniter\CodeIgniter->handleRequest(NULL, Object(Config\Cache), false)
#8 C:\xampp\htdocs\Project_CBSD\public\index.php(37): CodeIgniter\CodeIgniter->run()
#9 C:\xampp\htdocs\Project_CBSD\system\Commands\Server\rewrite.php(43): require_once('C:\\xampp\\htdocs...')
#10 {main}
CRITICAL - 2022-02-07 00:16:47 --> Undefined variable: user
#0 C:\xampp\htdocs\Project_CBSD\app\Views\Category.php(60): CodeIgniter\Debug\Exceptions->errorHandler(8, 'Undefined varia...', 'C:\\xampp\\htdocs...', 60, Array)
#1 C:\xampp\htdocs\Project_CBSD\system\View\View.php(210): include('C:\\xampp\\htdocs...')
#2 C:\xampp\htdocs\Project_CBSD\system\View\View.php(213): CodeIgniter\View\View->CodeIgniter\View\{closure}()
#3 C:\xampp\htdocs\Project_CBSD\system\Common.php(1089): CodeIgniter\View\View->render('Category', Array, true)
#4 C:\xampp\htdocs\Project_CBSD\app\Controllers\Category.php(13): view('Category', Array)
#5 C:\xampp\htdocs\Project_CBSD\system\CodeIgniter.php(825): App\Controllers\Category->viewCategory()
#6 C:\xampp\htdocs\Project_CBSD\system\CodeIgniter.php(412): CodeIgniter\CodeIgniter->runController(Object(App\Controllers\Category))
#7 C:\xampp\htdocs\Project_CBSD\system\CodeIgniter.php(320): CodeIgniter\CodeIgniter->handleRequest(NULL, Object(Config\Cache), false)
#8 C:\xampp\htdocs\Project_CBSD\public\index.php(37): CodeIgniter\CodeIgniter->run()
#9 C:\xampp\htdocs\Project_CBSD\system\Commands\Server\rewrite.php(43): require_once('C:\\xampp\\htdocs...')
#10 {main}
CRITICAL - 2022-02-07 00:17:34 --> Undefined variable: user
#0 C:\xampp\htdocs\Project_CBSD\app\Views\Category.php(60): CodeIgniter\Debug\Exceptions->errorHandler(8, 'Undefined varia...', 'C:\\xampp\\htdocs...', 60, Array)
#1 C:\xampp\htdocs\Project_CBSD\system\View\View.php(210): include('C:\\xampp\\htdocs...')
#2 C:\xampp\htdocs\Project_CBSD\system\View\View.php(213): CodeIgniter\View\View->CodeIgniter\View\{closure}()
#3 C:\xampp\htdocs\Project_CBSD\system\Common.php(1089): CodeIgniter\View\View->render('Category', Array, true)
#4 C:\xampp\htdocs\Project_CBSD\app\Controllers\Category.php(13): view('Category', Array)
#5 C:\xampp\htdocs\Project_CBSD\system\CodeIgniter.php(825): App\Controllers\Category->viewCategory()
#6 C:\xampp\htdocs\Project_CBSD\system\CodeIgniter.php(412): CodeIgniter\CodeIgniter->runController(Object(App\Controllers\Category))
#7 C:\xampp\htdocs\Project_CBSD\system\CodeIgniter.php(320): CodeIgniter\CodeIgniter->handleRequest(NULL, Object(Config\Cache), false)
#8 C:\xampp\htdocs\Project_CBSD\public\index.php(37): CodeIgniter\CodeIgniter->run()
#9 C:\xampp\htdocs\Project_CBSD\system\Commands\Server\rewrite.php(43): require_once('C:\\xampp\\htdocs...')
#10 {main}
CRITICAL - 2022-02-07 00:17:37 --> Undefined variable: user
#0 C:\xampp\htdocs\Project_CBSD\app\Views\Category.php(60): CodeIgniter\Debug\Exceptions->errorHandler(8, 'Undefined varia...', 'C:\\xampp\\htdocs...', 60, Array)
#1 C:\xampp\htdocs\Project_CBSD\system\View\View.php(210): include('C:\\xampp\\htdocs...')
#2 C:\xampp\htdocs\Project_CBSD\system\View\View.php(213): CodeIgniter\View\View->CodeIgniter\View\{closure}()
#3 C:\xampp\htdocs\Project_CBSD\system\Common.php(1089): CodeIgniter\View\View->render('Category', Array, true)
#4 C:\xampp\htdocs\Project_CBSD\app\Controllers\Category.php(13): view('Category', Array)
#5 C:\xampp\htdocs\Project_CBSD\system\CodeIgniter.php(825): App\Controllers\Category->viewCategory()
#6 C:\xampp\htdocs\Project_CBSD\system\CodeIgniter.php(412): CodeIgniter\CodeIgniter->runController(Object(App\Controllers\Category))
#7 C:\xampp\htdocs\Project_CBSD\system\CodeIgniter.php(320): CodeIgniter\CodeIgniter->handleRequest(NULL, Object(Config\Cache), false)
#8 C:\xampp\htdocs\Project_CBSD\public\index.php(37): CodeIgniter\CodeIgniter->run()
#9 C:\xampp\htdocs\Project_CBSD\system\Commands\Server\rewrite.php(43): require_once('C:\\xampp\\htdocs...')
#10 {main}
ERROR - 2022-02-07 00:21:24 --> Duplicate entry '9' for key 'PRIMARY'
CRITICAL - 2022-02-07 00:21:24 --> Duplicate entry '9' for key 'PRIMARY'
#0 C:\xampp\htdocs\Project_CBSD\system\Database\MySQLi\Connection.php(292): mysqli->query('INSERT INTO `gr...', 0)
#1 C:\xampp\htdocs\Project_CBSD\system\Database\BaseConnection.php(670): CodeIgniter\Database\MySQLi\Connection->execute('INSERT INTO `gr...')
#2 C:\xampp\htdocs\Project_CBSD\system\Database\BaseConnection.php(598): CodeIgniter\Database\BaseConnection->simpleQuery('INSERT INTO `gr...')
#3 C:\xampp\htdocs\Project_CBSD\system\Database\BaseBuilder.php(1771): CodeIgniter\Database\BaseConnection->query('INSERT INTO `gr...', Array, false)
#4 C:\xampp\htdocs\Project_CBSD\system\Model.php(239): CodeIgniter\Database\BaseBuilder->insert()
#5 C:\xampp\htdocs\Project_CBSD\system\BaseModel.php(738): CodeIgniter\Model->doInsert(Array)
#6 C:\xampp\htdocs\Project_CBSD\system\Model.php(625): CodeIgniter\BaseModel->insert(Array, true)
#7 C:\xampp\htdocs\Project_CBSD\app\Controllers\Category.php(25): CodeIgniter\Model->insert(Array)
#8 C:\xampp\htdocs\Project_CBSD\system\CodeIgniter.php(825): App\Controllers\Category->addCategory()
#9 C:\xampp\htdocs\Project_CBSD\system\CodeIgniter.php(412): CodeIgniter\CodeIgniter->runController(Object(App\Controllers\Category))
#10 C:\xampp\htdocs\Project_CBSD\system\CodeIgniter.php(320): CodeIgniter\CodeIgniter->handleRequest(NULL, Object(Config\Cache), false)
#11 C:\xampp\htdocs\Project_CBSD\public\index.php(37): CodeIgniter\CodeIgniter->run()
#12 C:\xampp\htdocs\Project_CBSD\system\Commands\Server\rewrite.php(43): require_once('C:\\xampp\\htdocs...')
#13 {main}
ERROR - 2022-02-07 00:21:49 --> Column 'group_pic' cannot be null
CRITICAL - 2022-02-07 00:21:49 --> Column 'group_pic' cannot be null
#0 C:\xampp\htdocs\Project_CBSD\system\Database\MySQLi\Connection.php(292): mysqli->query('INSERT INTO `gr...', 0)
#1 C:\xampp\htdocs\Project_CBSD\system\Database\BaseConnection.php(670): CodeIgniter\Database\MySQLi\Connection->execute('INSERT INTO `gr...')
#2 C:\xampp\htdocs\Project_CBSD\system\Database\BaseConnection.php(598): CodeIgniter\Database\BaseConnection->simpleQuery('INSERT INTO `gr...')
#3 C:\xampp\htdocs\Project_CBSD\system\Database\BaseBuilder.php(1771): CodeIgniter\Database\BaseConnection->query('INSERT INTO `gr...', Array, false)
#4 C:\xampp\htdocs\Project_CBSD\system\Model.php(239): CodeIgniter\Database\BaseBuilder->insert()
#5 C:\xampp\htdocs\Project_CBSD\system\BaseModel.php(738): CodeIgniter\Model->doInsert(Array)
#6 C:\xampp\htdocs\Project_CBSD\system\Model.php(625): CodeIgniter\BaseModel->insert(Array, true)
#7 C:\xampp\htdocs\Project_CBSD\app\Controllers\Category.php(25): CodeIgniter\Model->insert(Array)
#8 C:\xampp\htdocs\Project_CBSD\system\CodeIgniter.php(825): App\Controllers\Category->addCategory()
#9 C:\xampp\htdocs\Project_CBSD\system\CodeIgniter.php(412): CodeIgniter\CodeIgniter->runController(Object(App\Controllers\Category))
#10 C:\xampp\htdocs\Project_CBSD\system\CodeIgniter.php(320): CodeIgniter\CodeIgniter->handleRequest(NULL, Object(Config\Cache), false)
#11 C:\xampp\htdocs\Project_CBSD\public\index.php(37): CodeIgniter\CodeIgniter->run()
#12 C:\xampp\htdocs\Project_CBSD\system\Commands\Server\rewrite.php(43): require_once('C:\\xampp\\htdocs...')
#13 {main}
ERROR - 2022-02-07 00:21:57 --> Column 'group_pic' cannot be null
CRITICAL - 2022-02-07 00:21:57 --> Column 'group_pic' cannot be null
#0 C:\xampp\htdocs\Project_CBSD\system\Database\MySQLi\Connection.php(292): mysqli->query('INSERT INTO `gr...', 0)
#1 C:\xampp\htdocs\Project_CBSD\system\Database\BaseConnection.php(670): CodeIgniter\Database\MySQLi\Connection->execute('INSERT INTO `gr...')
#2 C:\xampp\htdocs\Project_CBSD\system\Database\BaseConnection.php(598): CodeIgniter\Database\BaseConnection->simpleQuery('INSERT INTO `gr...')
#3 C:\xampp\htdocs\Project_CBSD\system\Database\BaseBuilder.php(1771): CodeIgniter\Database\BaseConnection->query('INSERT INTO `gr...', Array, false)
#4 C:\xampp\htdocs\Project_CBSD\system\Model.php(239): CodeIgniter\Database\BaseBuilder->insert()
#5 C:\xampp\htdocs\Project_CBSD\system\BaseModel.php(738): CodeIgniter\Model->doInsert(Array)
#6 C:\xampp\htdocs\Project_CBSD\system\Model.php(625): CodeIgniter\BaseModel->insert(Array, true)
#7 C:\xampp\htdocs\Project_CBSD\app\Controllers\Category.php(25): CodeIgniter\Model->insert(Array)
#8 C:\xampp\htdocs\Project_CBSD\system\CodeIgniter.php(825): App\Controllers\Category->addCategory()
#9 C:\xampp\htdocs\Project_CBSD\system\CodeIgniter.php(412): CodeIgniter\CodeIgniter->runController(Object(App\Controllers\Category))
#10 C:\xampp\htdocs\Project_CBSD\system\CodeIgniter.php(320): CodeIgniter\CodeIgniter->handleRequest(NULL, Object(Config\Cache), false)
#11 C:\xampp\htdocs\Project_CBSD\public\index.php(37): CodeIgniter\CodeIgniter->run()
#12 C:\xampp\htdocs\Project_CBSD\system\Commands\Server\rewrite.php(43): require_once('C:\\xampp\\htdocs...')
#13 {main}
CRITICAL - 2022-02-07 00:36:50 --> Class 'App\Controllers\Model' not found
#0 C:\xampp\htdocs\Project_CBSD\system\CodeIgniter.php(825): App\Controllers\Category->showCategory('1')
#1 C:\xampp\htdocs\Project_CBSD\system\CodeIgniter.php(412): CodeIgniter\CodeIgniter->runController(Object(App\Controllers\Category))
#2 C:\xampp\htdocs\Project_CBSD\system\CodeIgniter.php(320): CodeIgniter\CodeIgniter->handleRequest(NULL, Object(Config\Cache), false)
#3 C:\xampp\htdocs\Project_CBSD\public\index.php(37): CodeIgniter\CodeIgniter->run()
#4 C:\xampp\htdocs\Project_CBSD\system\Commands\Server\rewrite.php(43): require_once('C:\\xampp\\htdocs...')
#5 {main}
CRITICAL - 2022-02-07 00:38:18 --> Too few arguments to function App\Controllers\Category::update(), 0 passed in C:\xampp\htdocs\Project_CBSD\system\CodeIgniter.php on line 825 and exactly 1 expected
#0 C:\xampp\htdocs\Project_CBSD\system\CodeIgniter.php(825): App\Controllers\Category->update()
#1 C:\xampp\htdocs\Project_CBSD\system\CodeIgniter.php(412): CodeIgniter\CodeIgniter->runController(Object(App\Controllers\Category))
#2 C:\xampp\htdocs\Project_CBSD\system\CodeIgniter.php(320): CodeIgniter\CodeIgniter->handleRequest(NULL, Object(Config\Cache), false)
#3 C:\xampp\htdocs\Project_CBSD\public\index.php(37): CodeIgniter\CodeIgniter->run()
#4 C:\xampp\htdocs\Project_CBSD\system\Commands\Server\rewrite.php(43): require_once('C:\\xampp\\htdocs...')
#5 {main}
CRITICAL - 2022-02-07 00:38:34 --> Too few arguments to function App\Controllers\Category::update(), 0 passed in C:\xampp\htdocs\Project_CBSD\system\CodeIgniter.php on line 825 and exactly 1 expected
#0 C:\xampp\htdocs\Project_CBSD\system\CodeIgniter.php(825): App\Controllers\Category->update()
#1 C:\xampp\htdocs\Project_CBSD\system\CodeIgniter.php(412): CodeIgniter\CodeIgniter->runController(Object(App\Controllers\Category))
#2 C:\xampp\htdocs\Project_CBSD\system\CodeIgniter.php(320): CodeIgniter\CodeIgniter->handleRequest(NULL, Object(Config\Cache), false)
#3 C:\xampp\htdocs\Project_CBSD\public\index.php(37): CodeIgniter\CodeIgniter->run()
#4 C:\xampp\htdocs\Project_CBSD\system\Commands\Server\rewrite.php(43): require_once('C:\\xampp\\htdocs...')
#5 {main}
CRITICAL - 2022-02-07 00:45:25 --> Undefined variable: user_obj
#0 C:\xampp\htdocs\Project_CBSD\app\Views\EditCategory.php(45): CodeIgniter\Debug\Exceptions->errorHandler(8, 'Undefined varia...', 'C:\\xampp\\htdocs...', 45, Array)
#1 C:\xampp\htdocs\Project_CBSD\system\View\View.php(210): include('C:\\xampp\\htdocs...')
#2 C:\xampp\htdocs\Project_CBSD\system\View\View.php(213): CodeIgniter\View\View->CodeIgniter\View\{closure}()
#3 C:\xampp\htdocs\Project_CBSD\system\Common.php(1089): CodeIgniter\View\View->render('EditCategory', Array, true)
#4 C:\xampp\htdocs\Project_CBSD\app\Controllers\Category.php(37): view('EditCategory', Array)
#5 C:\xampp\htdocs\Project_CBSD\system\CodeIgniter.php(825): App\Controllers\Category->showCategory('1')
#6 C:\xampp\htdocs\Project_CBSD\system\CodeIgniter.php(412): CodeIgniter\CodeIgniter->runController(Object(App\Controllers\Category))
#7 C:\xampp\htdocs\Project_CBSD\system\CodeIgniter.php(320): CodeIgniter\CodeIgniter->handleRequest(NULL, Object(Config\Cache), false)
#8 C:\xampp\htdocs\Project_CBSD\public\index.php(37): CodeIgniter\CodeIgniter->run()
#9 C:\xampp\htdocs\Project_CBSD\system\Commands\Server\rewrite.php(43): require_once('C:\\xampp\\htdocs...')
#10 {main}
CRITICAL - 2022-02-07 00:48:08 --> Too few arguments to function App\Controllers\Category::update(), 0 passed in C:\xampp\htdocs\Project_CBSD\system\CodeIgniter.php on line 825 and exactly 1 expected
#0 C:\xampp\htdocs\Project_CBSD\system\CodeIgniter.php(825): App\Controllers\Category->update()
#1 C:\xampp\htdocs\Project_CBSD\system\CodeIgniter.php(412): CodeIgniter\CodeIgniter->runController(Object(App\Controllers\Category))
#2 C:\xampp\htdocs\Project_CBSD\system\CodeIgniter.php(320): CodeIgniter\CodeIgniter->handleRequest(NULL, Object(Config\Cache), false)
#3 C:\xampp\htdocs\Project_CBSD\public\index.php(37): CodeIgniter\CodeIgniter->run()
#4 C:\xampp\htdocs\Project_CBSD\system\Commands\Server\rewrite.php(43): require_once('C:\\xampp\\htdocs...')
#5 {main}
CRITICAL - 2022-02-07 00:48:26 --> Too few arguments to function App\Controllers\Category::update(), 0 passed in C:\xampp\htdocs\Project_CBSD\system\CodeIgniter.php on line 825 and exactly 1 expected
#0 C:\xampp\htdocs\Project_CBSD\system\CodeIgniter.php(825): App\Controllers\Category->update()
#1 C:\xampp\htdocs\Project_CBSD\system\CodeIgniter.php(412): CodeIgniter\CodeIgniter->runController(Object(App\Controllers\Category))
#2 C:\xampp\htdocs\Project_CBSD\system\CodeIgniter.php(320): CodeIgniter\CodeIgniter->handleRequest(NULL, Object(Config\Cache), false)
#3 C:\xampp\htdocs\Project_CBSD\public\index.php(37): CodeIgniter\CodeIgniter->run()
#4 C:\xampp\htdocs\Project_CBSD\system\Commands\Server\rewrite.php(43): require_once('C:\\xampp\\htdocs...')
#5 {main}
ERROR - 2022-02-07 00:58:25 --> Unknown column 'group_id' in 'order clause'
CRITICAL - 2022-02-07 00:58:25 --> Unknown column 'group_id' in 'order clause'
#0 C:\xampp\htdocs\Project_CBSD\system\Database\MySQLi\Connection.php(292): mysqli->query('SELECT *\nFROM `...', 0)
#1 C:\xampp\htdocs\Project_CBSD\system\Database\BaseConnection.php(670): CodeIgniter\Database\MySQLi\Connection->execute('SELECT *\nFROM `...')
#2 C:\xampp\htdocs\Project_CBSD\system\Database\BaseConnection.php(598): CodeIgniter\Database\BaseConnection->simpleQuery('SELECT *\nFROM `...')
#3 C:\xampp\htdocs\Project_CBSD\system\Database\BaseBuilder.php(1455): CodeIgniter\Database\BaseConnection->query('SELECT *\nFROM `...', Array, false)
#4 C:\xampp\htdocs\Project_CBSD\system\Model.php(183): CodeIgniter\Database\BaseBuilder->get()
#5 C:\xampp\htdocs\Project_CBSD\system\BaseModel.php(584): CodeIgniter\Model->doFindAll(0, 0)
#6 C:\xampp\htdocs\Project_CBSD\app\Controllers\Name.php(12): CodeIgniter\BaseModel->findAll()
#7 C:\xampp\htdocs\Project_CBSD\system\CodeIgniter.php(825): App\Controllers\Name->viewName()
#8 C:\xampp\htdocs\Project_CBSD\system\CodeIgniter.php(412): CodeIgniter\CodeIgniter->runController(Object(App\Controllers\Name))
#9 C:\xampp\htdocs\Project_CBSD\system\CodeIgniter.php(320): CodeIgniter\CodeIgniter->handleRequest(NULL, Object(Config\Cache), false)
#10 C:\xampp\htdocs\Project_CBSD\public\index.php(37): CodeIgniter\CodeIgniter->run()
#11 C:\xampp\htdocs\Project_CBSD\system\Commands\Server\rewrite.php(43): require_once('C:\\xampp\\htdocs...')
#12 {main}
CRITICAL - 2022-02-07 00:59:13 --> Invalid file: Name.php
#0 C:\xampp\htdocs\Project_CBSD\system\View\View.php(198): CodeIgniter\Exceptions\FrameworkException::forInvalidFile('Name.php')
#1 C:\xampp\htdocs\Project_CBSD\system\Common.php(1089): CodeIgniter\View\View->render('Name', Array, true)
#2 C:\xampp\htdocs\Project_CBSD\app\Controllers\Name.php(13): view('Name', Array)
#3 C:\xampp\htdocs\Project_CBSD\system\CodeIgniter.php(825): App\Controllers\Name->viewName()
#4 C:\xampp\htdocs\Project_CBSD\system\CodeIgniter.php(412): CodeIgniter\CodeIgniter->runController(Object(App\Controllers\Name))
#5 C:\xampp\htdocs\Project_CBSD\system\CodeIgniter.php(320): CodeIgniter\CodeIgniter->handleRequest(NULL, Object(Config\Cache), false)
#6 C:\xampp\htdocs\Project_CBSD\public\index.php(37): CodeIgniter\CodeIgniter->run()
#7 C:\xampp\htdocs\Project_CBSD\system\Commands\Server\rewrite.php(43): require_once('C:\\xampp\\htdocs...')
#8 {main}
CRITICAL - 2022-02-07 00:59:15 --> Invalid file: Name.php
#0 C:\xampp\htdocs\Project_CBSD\system\View\View.php(198): CodeIgniter\Exceptions\FrameworkException::forInvalidFile('Name.php')
#1 C:\xampp\htdocs\Project_CBSD\system\Common.php(1089): CodeIgniter\View\View->render('Name', Array, true)
#2 C:\xampp\htdocs\Project_CBSD\app\Controllers\Name.php(13): view('Name', Array)
#3 C:\xampp\htdocs\Project_CBSD\system\CodeIgniter.php(825): App\Controllers\Name->viewName()
#4 C:\xampp\htdocs\Project_CBSD\system\CodeIgniter.php(412): CodeIgniter\CodeIgniter->runController(Object(App\Controllers\Name))
#5 C:\xampp\htdocs\Project_CBSD\system\CodeIgniter.php(320): CodeIgniter\CodeIgniter->handleRequest(NULL, Object(Config\Cache), false)
#6 C:\xampp\htdocs\Project_CBSD\public\index.php(37): CodeIgniter\CodeIgniter->run()
#7 C:\xampp\htdocs\Project_CBSD\system\Commands\Server\rewrite.php(43): require_once('C:\\xampp\\htdocs...')
#8 {main}
CRITICAL - 2022-02-07 01:00:09 --> Invalid file: Name.php
#0 C:\xampp\htdocs\Project_CBSD\system\View\View.php(198): CodeIgniter\Exceptions\FrameworkException::forInvalidFile('Name.php')
#1 C:\xampp\htdocs\Project_CBSD\system\Common.php(1089): CodeIgniter\View\View->render('Name', Array, true)
#2 C:\xampp\htdocs\Project_CBSD\app\Controllers\Name.php(13): view('Name', Array)
#3 C:\xampp\htdocs\Project_CBSD\system\CodeIgniter.php(825): App\Controllers\Name->viewName()
#4 C:\xampp\htdocs\Project_CBSD\system\CodeIgniter.php(412): CodeIgniter\CodeIgniter->runController(Object(App\Controllers\Name))
#5 C:\xampp\htdocs\Project_CBSD\system\CodeIgniter.php(320): CodeIgniter\CodeIgniter->handleRequest(NULL, Object(Config\Cache), false)
#6 C:\xampp\htdocs\Project_CBSD\public\index.php(37): CodeIgniter\CodeIgniter->run()
#7 C:\xampp\htdocs\Project_CBSD\system\Commands\Server\rewrite.php(43): require_once('C:\\xampp\\htdocs...')
#8 {main}
CRITICAL - 2022-02-07 01:03:11 --> Invalid file: Name.php
#0 C:\xampp\htdocs\Project_CBSD\system\View\View.php(198): CodeIgniter\Exceptions\FrameworkException::forInvalidFile('Name.php')
#1 C:\xampp\htdocs\Project_CBSD\system\Common.php(1089): CodeIgniter\View\View->render('Name', Array, true)
#2 C:\xampp\htdocs\Project_CBSD\app\Controllers\Name.php(13): view('Name', Array)
#3 C:\xampp\htdocs\Project_CBSD\system\CodeIgniter.php(825): App\Controllers\Name->viewName()
#4 C:\xampp\htdocs\Project_CBSD\system\CodeIgniter.php(412): CodeIgniter\CodeIgniter->runController(Object(App\Controllers\Name))
#5 C:\xampp\htdocs\Project_CBSD\system\CodeIgniter.php(320): CodeIgniter\CodeIgniter->handleRequest(NULL, Object(Config\Cache), false)
#6 C:\xampp\htdocs\Project_CBSD\public\index.php(37): CodeIgniter\CodeIgniter->run()
#7 C:\xampp\htdocs\Project_CBSD\system\Commands\Server\rewrite.php(43): require_once('C:\\xampp\\htdocs...')
#8 {main}
CRITICAL - 2022-02-07 01:03:19 --> Invalid file: Name.php
#0 C:\xampp\htdocs\Project_CBSD\system\View\View.php(198): CodeIgniter\Exceptions\FrameworkException::forInvalidFile('Name.php')
#1 C:\xampp\htdocs\Project_CBSD\system\Common.php(1089): CodeIgniter\View\View->render('Name', Array, true)
#2 C:\xampp\htdocs\Project_CBSD\app\Controllers\Name.php(13): view('Name', Array)
#3 C:\xampp\htdocs\Project_CBSD\system\CodeIgniter.php(825): App\Controllers\Name->viewName()
#4 C:\xampp\htdocs\Project_CBSD\system\CodeIgniter.php(412): CodeIgniter\CodeIgniter->runController(Object(App\Controllers\Name))
#5 C:\xampp\htdocs\Project_CBSD\system\CodeIgniter.php(320): CodeIgniter\CodeIgniter->handleRequest(NULL, Object(Config\Cache), false)
#6 C:\xampp\htdocs\Project_CBSD\public\index.php(37): CodeIgniter\CodeIgniter->run()
#7 C:\xampp\htdocs\Project_CBSD\system\Commands\Server\rewrite.php(43): require_once('C:\\xampp\\htdocs...')
#8 {main}
CRITICAL - 2022-02-07 01:04:55 --> Invalid file: Name.php
#0 C:\xampp\htdocs\Project_CBSD\system\View\View.php(198): CodeIgniter\Exceptions\FrameworkException::forInvalidFile('Name.php')
#1 C:\xampp\htdocs\Project_CBSD\system\Common.php(1089): CodeIgniter\View\View->render('Name', Array, true)
#2 C:\xampp\htdocs\Project_CBSD\app\Controllers\Name.php(13): view('Name', Array)
#3 C:\xampp\htdocs\Project_CBSD\system\CodeIgniter.php(825): App\Controllers\Name->viewName()
#4 C:\xampp\htdocs\Project_CBSD\system\CodeIgniter.php(412): CodeIgniter\CodeIgniter->runController(Object(App\Controllers\Name))
#5 C:\xampp\htdocs\Project_CBSD\system\CodeIgniter.php(320): CodeIgniter\CodeIgniter->handleRequest(NULL, Object(Config\Cache), false)
#6 C:\xampp\htdocs\Project_CBSD\public\index.php(37): CodeIgniter\CodeIgniter->run()
#7 C:\xampp\htdocs\Project_CBSD\system\Commands\Server\rewrite.php(43): require_once('C:\\xampp\\htdocs...')
#8 {main}
CRITICAL - 2022-02-07 01:06:11 --> Invalid file: Name.php
#0 C:\xampp\htdocs\Project_CBSD\system\View\View.php(198): CodeIgniter\Exceptions\FrameworkException::forInvalidFile('Name.php')
#1 C:\xampp\htdocs\Project_CBSD\system\Common.php(1089): CodeIgniter\View\View->render('Name', Array, true)
#2 C:\xampp\htdocs\Project_CBSD\app\Controllers\Name.php(13): view('Name', Array)
#3 C:\xampp\htdocs\Project_CBSD\system\CodeIgniter.php(825): App\Controllers\Name->viewName()
#4 C:\xampp\htdocs\Project_CBSD\system\CodeIgniter.php(412): CodeIgniter\CodeIgniter->runController(Object(App\Controllers\Name))
#5 C:\xampp\htdocs\Project_CBSD\system\CodeIgniter.php(320): CodeIgniter\CodeIgniter->handleRequest(NULL, Object(Config\Cache), false)
#6 C:\xampp\htdocs\Project_CBSD\public\index.php(37): CodeIgniter\CodeIgniter->run()
#7 C:\xampp\htdocs\Project_CBSD\system\Commands\Server\rewrite.php(43): require_once('C:\\xampp\\htdocs...')
#8 {main}
CRITICAL - 2022-02-07 01:07:27 --> Invalid file: AddName.php
#0 C:\xampp\htdocs\Project_CBSD\system\View\View.php(198): CodeIgniter\Exceptions\FrameworkException::forInvalidFile('AddName.php')
#1 C:\xampp\htdocs\Project_CBSD\system\Common.php(1089): CodeIgniter\View\View->render('AddName', Array, true)
#2 C:\xampp\htdocs\Project_CBSD\app\Controllers\Name.php(18): view('AddName')
#3 C:\xampp\htdocs\Project_CBSD\system\CodeIgniter.php(825): App\Controllers\Name->index()
#4 C:\xampp\htdocs\Project_CBSD\system\CodeIgniter.php(412): CodeIgniter\CodeIgniter->runController(Object(App\Controllers\Name))
#5 C:\xampp\htdocs\Project_CBSD\system\CodeIgniter.php(320): CodeIgniter\CodeIgniter->handleRequest(NULL, Object(Config\Cache), false)
#6 C:\xampp\htdocs\Project_CBSD\public\index.php(37): CodeIgniter\CodeIgniter->run()
#7 C:\xampp\htdocs\Project_CBSD\system\Commands\Server\rewrite.php(43): require_once('C:\\xampp\\htdocs...')
#8 {main}
CRITICAL - 2022-02-07 01:07:48 --> Invalid file: AddName.php
#0 C:\xampp\htdocs\Project_CBSD\system\View\View.php(198): CodeIgniter\Exceptions\FrameworkException::forInvalidFile('AddName.php')
#1 C:\xampp\htdocs\Project_CBSD\system\Common.php(1089): CodeIgniter\View\View->render('AddName', Array, true)
#2 C:\xampp\htdocs\Project_CBSD\app\Controllers\Name.php(18): view('AddName')
#3 C:\xampp\htdocs\Project_CBSD\system\CodeIgniter.php(825): App\Controllers\Name->index()
#4 C:\xampp\htdocs\Project_CBSD\system\CodeIgniter.php(412): CodeIgniter\CodeIgniter->runController(Object(App\Controllers\Name))
#5 C:\xampp\htdocs\Project_CBSD\system\CodeIgniter.php(320): CodeIgniter\CodeIgniter->handleRequest(NULL, Object(Config\Cache), false)
#6 C:\xampp\htdocs\Project_CBSD\public\index.php(37): CodeIgniter\CodeIgniter->run()
#7 C:\xampp\htdocs\Project_CBSD\system\Commands\Server\rewrite.php(43): require_once('C:\\xampp\\htdocs...')
#8 {main}
ERROR - 2022-02-07 01:13:38 --> Column 'group_id' cannot be null
CRITICAL - 2022-02-07 01:13:38 --> Column 'group_id' cannot be null
#0 C:\xampp\htdocs\Project_CBSD\system\Database\MySQLi\Connection.php(292): mysqli->query('INSERT INTO `gr...', 0)
#1 C:\xampp\htdocs\Project_CBSD\system\Database\BaseConnection.php(670): CodeIgniter\Database\MySQLi\Connection->execute('INSERT INTO `gr...')
#2 C:\xampp\htdocs\Project_CBSD\system\Database\BaseConnection.php(598): CodeIgniter\Database\BaseConnection->simpleQuery('INSERT INTO `gr...')
#3 C:\xampp\htdocs\Project_CBSD\system\Database\BaseBuilder.php(1771): CodeIgniter\Database\BaseConnection->query('INSERT INTO `gr...', Array, false)
#4 C:\xampp\htdocs\Project_CBSD\system\Model.php(239): CodeIgniter\Database\BaseBuilder->insert()
#5 C:\xampp\htdocs\Project_CBSD\system\BaseModel.php(738): CodeIgniter\Model->doInsert(Array)
#6 C:\xampp\htdocs\Project_CBSD\system\Model.php(625): CodeIgniter\BaseModel->insert(Array, true)
#7 C:\xampp\htdocs\Project_CBSD\app\Controllers\Category.php(29): CodeIgniter\Model->insert(Array)
#8 C:\xampp\htdocs\Project_CBSD\system\CodeIgniter.php(825): App\Controllers\Category->addCategory()
#9 C:\xampp\htdocs\Project_CBSD\system\CodeIgniter.php(412): CodeIgniter\CodeIgniter->runController(Object(App\Controllers\Category))
#10 C:\xampp\htdocs\Project_CBSD\system\CodeIgniter.php(320): CodeIgniter\CodeIgniter->handleRequest(NULL, Object(Config\Cache), false)
#11 C:\xampp\htdocs\Project_CBSD\public\index.php(37): CodeIgniter\CodeIgniter->run()
#12 C:\xampp\htdocs\Project_CBSD\system\Commands\Server\rewrite.php(43): require_once('C:\\xampp\\htdocs...')
#13 {main}
ERROR - 2022-02-07 01:13:50 --> Column 'group_id' cannot be null
CRITICAL - 2022-02-07 01:13:50 --> Column 'group_id' cannot be null
#0 C:\xampp\htdocs\Project_CBSD\system\Database\MySQLi\Connection.php(292): mysqli->query('INSERT INTO `gr...', 0)
#1 C:\xampp\htdocs\Project_CBSD\system\Database\BaseConnection.php(670): CodeIgniter\Database\MySQLi\Connection->execute('INSERT INTO `gr...')
#2 C:\xampp\htdocs\Project_CBSD\system\Database\BaseConnection.php(598): CodeIgniter\Database\BaseConnection->simpleQuery('INSERT INTO `gr...')
#3 C:\xampp\htdocs\Project_CBSD\system\Database\BaseBuilder.php(1771): CodeIgniter\Database\BaseConnection->query('INSERT INTO `gr...', Array, false)
#4 C:\xampp\htdocs\Project_CBSD\system\Model.php(239): CodeIgniter\Database\BaseBuilder->insert()
#5 C:\xampp\htdocs\Project_CBSD\system\BaseModel.php(738): CodeIgniter\Model->doInsert(Array)
#6 C:\xampp\htdocs\Project_CBSD\system\Model.php(625): CodeIgniter\BaseModel->insert(Array, true)
#7 C:\xampp\htdocs\Project_CBSD\app\Controllers\Category.php(29): CodeIgniter\Model->insert(Array)
#8 C:\xampp\htdocs\Project_CBSD\system\CodeIgniter.php(825): App\Controllers\Category->addCategory()
#9 C:\xampp\htdocs\Project_CBSD\system\CodeIgniter.php(412): CodeIgniter\CodeIgniter->runController(Object(App\Controllers\Category))
#10 C:\xampp\htdocs\Project_CBSD\system\CodeIgniter.php(320): CodeIgniter\CodeIgniter->handleRequest(NULL, Object(Config\Cache), false)
#11 C:\xampp\htdocs\Project_CBSD\public\index.php(37): CodeIgniter\CodeIgniter->run()
#12 C:\xampp\htdocs\Project_CBSD\system\Commands\Server\rewrite.php(43): require_once('C:\\xampp\\htdocs...')
#13 {main}
ERROR - 2022-02-07 01:14:16 --> Column 'group_id' cannot be null
CRITICAL - 2022-02-07 01:14:16 --> Column 'group_id' cannot be null
#0 C:\xampp\htdocs\Project_CBSD\system\Database\MySQLi\Connection.php(292): mysqli->query('INSERT INTO `gr...', 0)
#1 C:\xampp\htdocs\Project_CBSD\system\Database\BaseConnection.php(670): CodeIgniter\Database\MySQLi\Connection->execute('INSERT INTO `gr...')
#2 C:\xampp\htdocs\Project_CBSD\system\Database\BaseConnection.php(598): CodeIgniter\Database\BaseConnection->simpleQuery('INSERT INTO `gr...')
#3 C:\xampp\htdocs\Project_CBSD\system\Database\BaseBuilder.php(1771): CodeIgniter\Database\BaseConnection->query('INSERT INTO `gr...', Array, false)
#4 C:\xampp\htdocs\Project_CBSD\system\Model.php(239): CodeIgniter\Database\BaseBuilder->insert()
#5 C:\xampp\htdocs\Project_CBSD\system\BaseModel.php(738): CodeIgniter\Model->doInsert(Array)
#6 C:\xampp\htdocs\Project_CBSD\system\Model.php(625): CodeIgniter\BaseModel->insert(Array, true)
#7 C:\xampp\htdocs\Project_CBSD\app\Controllers\Category.php(29): CodeIgniter\Model->insert(Array)
#8 C:\xampp\htdocs\Project_CBSD\system\CodeIgniter.php(825): App\Controllers\Category->addCategory()
#9 C:\xampp\htdocs\Project_CBSD\system\CodeIgniter.php(412): CodeIgniter\CodeIgniter->runController(Object(App\Controllers\Category))
#10 C:\xampp\htdocs\Project_CBSD\system\CodeIgniter.php(320): CodeIgniter\CodeIgniter->handleRequest(NULL, Object(Config\Cache), false)
#11 C:\xampp\htdocs\Project_CBSD\public\index.php(37): CodeIgniter\CodeIgniter->run()
#12 C:\xampp\htdocs\Project_CBSD\system\Commands\Server\rewrite.php(43): require_once('C:\\xampp\\htdocs...')
#13 {main}
ERROR - 2022-02-07 01:15:44 --> Column 'group_id' cannot be null
CRITICAL - 2022-02-07 01:15:44 --> Column 'group_id' cannot be null
#0 C:\xampp\htdocs\Project_CBSD\system\Database\MySQLi\Connection.php(292): mysqli->query('INSERT INTO `gr...', 0)
#1 C:\xampp\htdocs\Project_CBSD\system\Database\BaseConnection.php(670): CodeIgniter\Database\MySQLi\Connection->execute('INSERT INTO `gr...')
#2 C:\xampp\htdocs\Project_CBSD\system\Database\BaseConnection.php(598): CodeIgniter\Database\BaseConnection->simpleQuery('INSERT INTO `gr...')
#3 C:\xampp\htdocs\Project_CBSD\system\Database\BaseBuilder.php(1771): CodeIgniter\Database\BaseConnection->query('INSERT INTO `gr...', Array, false)
#4 C:\xampp\htdocs\Project_CBSD\system\Model.php(239): CodeIgniter\Database\BaseBuilder->insert()
#5 C:\xampp\htdocs\Project_CBSD\system\BaseModel.php(738): CodeIgniter\Model->doInsert(Array)
#6 C:\xampp\htdocs\Project_CBSD\system\Model.php(625): CodeIgniter\BaseModel->insert(Array, true)
#7 C:\xampp\htdocs\Project_CBSD\app\Controllers\Category.php(29): CodeIgniter\Model->insert(Array)
#8 C:\xampp\htdocs\Project_CBSD\system\CodeIgniter.php(825): App\Controllers\Category->addCategory()
#9 C:\xampp\htdocs\Project_CBSD\system\CodeIgniter.php(412): CodeIgniter\CodeIgniter->runController(Object(App\Controllers\Category))
#10 C:\xampp\htdocs\Project_CBSD\system\CodeIgniter.php(320): CodeIgniter\CodeIgniter->handleRequest(NULL, Object(Config\Cache), false)
#11 C:\xampp\htdocs\Project_CBSD\public\index.php(37): CodeIgniter\CodeIgniter->run()
#12 C:\xampp\htdocs\Project_CBSD\system\Commands\Server\rewrite.php(43): require_once('C:\\xampp\\htdocs...')
#13 {main}
ERROR - 2022-02-07 01:16:34 --> Column 'group_id' cannot be null
CRITICAL - 2022-02-07 01:16:34 --> Column 'group_id' cannot be null
#0 C:\xampp\htdocs\Project_CBSD\system\Database\MySQLi\Connection.php(292): mysqli->query('INSERT INTO `gr...', 0)
#1 C:\xampp\htdocs\Project_CBSD\system\Database\BaseConnection.php(670): CodeIgniter\Database\MySQLi\Connection->execute('INSERT INTO `gr...')
#2 C:\xampp\htdocs\Project_CBSD\system\Database\BaseConnection.php(598): CodeIgniter\Database\BaseConnection->simpleQuery('INSERT INTO `gr...')
#3 C:\xampp\htdocs\Project_CBSD\system\Database\BaseBuilder.php(1771): CodeIgniter\Database\BaseConnection->query('INSERT INTO `gr...', Array, false)
#4 C:\xampp\htdocs\Project_CBSD\system\Model.php(239): CodeIgniter\Database\BaseBuilder->insert()
#5 C:\xampp\htdocs\Project_CBSD\system\BaseModel.php(738): CodeIgniter\Model->doInsert(Array)
#6 C:\xampp\htdocs\Project_CBSD\system\Model.php(625): CodeIgniter\BaseModel->insert(Array, true)
#7 C:\xampp\htdocs\Project_CBSD\app\Controllers\Category.php(29): CodeIgniter\Model->insert(Array)
#8 C:\xampp\htdocs\Project_CBSD\system\CodeIgniter.php(825): App\Controllers\Category->addCategory()
#9 C:\xampp\htdocs\Project_CBSD\system\CodeIgniter.php(412): CodeIgniter\CodeIgniter->runController(Object(App\Controllers\Category))
#10 C:\xampp\htdocs\Project_CBSD\system\CodeIgniter.php(320): CodeIgniter\CodeIgniter->handleRequest(NULL, Object(Config\Cache), false)
#11 C:\xampp\htdocs\Project_CBSD\public\index.php(37): CodeIgniter\CodeIgniter->run()
#12 C:\xampp\htdocs\Project_CBSD\system\Commands\Server\rewrite.php(43): require_once('C:\\xampp\\htdocs...')
#13 {main}
ERROR - 2022-02-07 01:16:42 --> Column 'group_id' cannot be null
CRITICAL - 2022-02-07 01:16:42 --> Column 'group_id' cannot be null
#0 C:\xampp\htdocs\Project_CBSD\system\Database\MySQLi\Connection.php(292): mysqli->query('INSERT INTO `gr...', 0)
#1 C:\xampp\htdocs\Project_CBSD\system\Database\BaseConnection.php(670): CodeIgniter\Database\MySQLi\Connection->execute('INSERT INTO `gr...')
#2 C:\xampp\htdocs\Project_CBSD\system\Database\BaseConnection.php(598): CodeIgniter\Database\BaseConnection->simpleQuery('INSERT INTO `gr...')
#3 C:\xampp\htdocs\Project_CBSD\system\Database\BaseBuilder.php(1771): CodeIgniter\Database\BaseConnection->query('INSERT INTO `gr...', Array, false)
#4 C:\xampp\htdocs\Project_CBSD\system\Model.php(239): CodeIgniter\Database\BaseBuilder->insert()
#5 C:\xampp\htdocs\Project_CBSD\system\BaseModel.php(738): CodeIgniter\Model->doInsert(Array)
#6 C:\xampp\htdocs\Project_CBSD\system\Model.php(625): CodeIgniter\BaseModel->insert(Array, true)
#7 C:\xampp\htdocs\Project_CBSD\app\Controllers\Category.php(29): CodeIgniter\Model->insert(Array)
#8 C:\xampp\htdocs\Project_CBSD\system\CodeIgniter.php(825): App\Controllers\Category->addCategory()
#9 C:\xampp\htdocs\Project_CBSD\system\CodeIgniter.php(412): CodeIgniter\CodeIgniter->runController(Object(App\Controllers\Category))
#10 C:\xampp\htdocs\Project_CBSD\system\CodeIgniter.php(320): CodeIgniter\CodeIgniter->handleRequest(NULL, Object(Config\Cache), false)
#11 C:\xampp\htdocs\Project_CBSD\public\index.php(37): CodeIgniter\CodeIgniter->run()
#12 C:\xampp\htdocs\Project_CBSD\system\Commands\Server\rewrite.php(43): require_once('C:\\xampp\\htdocs...')
#13 {main}
ERROR - 2022-02-07 01:16:58 --> Column 'km_group' cannot be null
CRITICAL - 2022-02-07 01:16:58 --> Column 'km_group' cannot be null
#0 C:\xampp\htdocs\Project_CBSD\system\Database\MySQLi\Connection.php(292): mysqli->query('INSERT INTO `km...', 0)
#1 C:\xampp\htdocs\Project_CBSD\system\Database\BaseConnection.php(670): CodeIgniter\Database\MySQLi\Connection->execute('INSERT INTO `km...')
#2 C:\xampp\htdocs\Project_CBSD\system\Database\BaseConnection.php(598): CodeIgniter\Database\BaseConnection->simpleQuery('INSERT INTO `km...')
#3 C:\xampp\htdocs\Project_CBSD\system\Database\BaseBuilder.php(1771): CodeIgniter\Database\BaseConnection->query('INSERT INTO `km...', Array, false)
#4 C:\xampp\htdocs\Project_CBSD\system\Model.php(239): CodeIgniter\Database\BaseBuilder->insert()
#5 C:\xampp\htdocs\Project_CBSD\system\BaseModel.php(738): CodeIgniter\Model->doInsert(Array)
#6 C:\xampp\htdocs\Project_CBSD\system\Model.php(625): CodeIgniter\BaseModel->insert(Array, true)
#7 C:\xampp\htdocs\Project_CBSD\app\Controllers\Name.php(30): CodeIgniter\Model->insert(Array)
#8 C:\xampp\htdocs\Project_CBSD\system\CodeIgniter.php(825): App\Controllers\Name->addName()
#9 C:\xampp\htdocs\Project_CBSD\system\CodeIgniter.php(412): CodeIgniter\CodeIgniter->runController(Object(App\Controllers\Name))
#10 C:\xampp\htdocs\Project_CBSD\system\CodeIgniter.php(320): CodeIgniter\CodeIgniter->handleRequest(NULL, Object(Config\Cache), false)
#11 C:\xampp\htdocs\Project_CBSD\public\index.php(37): CodeIgniter\CodeIgniter->run()
#12 C:\xampp\htdocs\Project_CBSD\system\Commands\Server\rewrite.php(43): require_once('C:\\xampp\\htdocs...')
#13 {main}
ERROR - 2022-02-07 01:17:24 --> Column 'km_group' cannot be null
CRITICAL - 2022-02-07 01:17:24 --> Column 'km_group' cannot be null
#0 C:\xampp\htdocs\Project_CBSD\system\Database\MySQLi\Connection.php(292): mysqli->query('INSERT INTO `km...', 0)
#1 C:\xampp\htdocs\Project_CBSD\system\Database\BaseConnection.php(670): CodeIgniter\Database\MySQLi\Connection->execute('INSERT INTO `km...')
#2 C:\xampp\htdocs\Project_CBSD\system\Database\BaseConnection.php(598): CodeIgniter\Database\BaseConnection->simpleQuery('INSERT INTO `km...')
#3 C:\xampp\htdocs\Project_CBSD\system\Database\BaseBuilder.php(1771): CodeIgniter\Database\BaseConnection->query('INSERT INTO `km...', Array, false)
#4 C:\xampp\htdocs\Project_CBSD\system\Model.php(239): CodeIgniter\Database\BaseBuilder->insert()
#5 C:\xampp\htdocs\Project_CBSD\system\BaseModel.php(738): CodeIgniter\Model->doInsert(Array)
#6 C:\xampp\htdocs\Project_CBSD\system\Model.php(625): CodeIgniter\BaseModel->insert(Array, true)
#7 C:\xampp\htdocs\Project_CBSD\app\Controllers\Name.php(30): CodeIgniter\Model->insert(Array)
#8 C:\xampp\htdocs\Project_CBSD\system\CodeIgniter.php(825): App\Controllers\Name->addName()
#9 C:\xampp\htdocs\Project_CBSD\system\CodeIgniter.php(412): CodeIgniter\CodeIgniter->runController(Object(App\Controllers\Name))
#10 C:\xampp\htdocs\Project_CBSD\system\CodeIgniter.php(320): CodeIgniter\CodeIgniter->handleRequest(NULL, Object(Config\Cache), false)
#11 C:\xampp\htdocs\Project_CBSD\public\index.php(37): CodeIgniter\CodeIgniter->run()
#12 C:\xampp\htdocs\Project_CBSD\system\Commands\Server\rewrite.php(43): require_once('C:\\xampp\\htdocs...')
#13 {main}
ERROR - 2022-02-07 01:17:43 --> Column 'km_group' cannot be null
CRITICAL - 2022-02-07 01:17:43 --> Column 'km_group' cannot be null
#0 C:\xampp\htdocs\Project_CBSD\system\Database\MySQLi\Connection.php(292): mysqli->query('INSERT INTO `km...', 0)
#1 C:\xampp\htdocs\Project_CBSD\system\Database\BaseConnection.php(670): CodeIgniter\Database\MySQLi\Connection->execute('INSERT INTO `km...')
#2 C:\xampp\htdocs\Project_CBSD\system\Database\BaseConnection.php(598): CodeIgniter\Database\BaseConnection->simpleQuery('INSERT INTO `km...')
#3 C:\xampp\htdocs\Project_CBSD\system\Database\BaseBuilder.php(1771): CodeIgniter\Database\BaseConnection->query('INSERT INTO `km...', Array, false)
#4 C:\xampp\htdocs\Project_CBSD\system\Model.php(239): CodeIgniter\Database\BaseBuilder->insert()
#5 C:\xampp\htdocs\Project_CBSD\system\BaseModel.php(738): CodeIgniter\Model->doInsert(Array)
#6 C:\xampp\htdocs\Project_CBSD\system\Model.php(625): CodeIgniter\BaseModel->insert(Array, true)
#7 C:\xampp\htdocs\Project_CBSD\app\Controllers\Name.php(30): CodeIgniter\Model->insert(Array)
#8 C:\xampp\htdocs\Project_CBSD\system\CodeIgniter.php(825): App\Controllers\Name->addName()
#9 C:\xampp\htdocs\Project_CBSD\system\CodeIgniter.php(412): CodeIgniter\CodeIgniter->runController(Object(App\Controllers\Name))
#10 C:\xampp\htdocs\Project_CBSD\system\CodeIgniter.php(320): CodeIgniter\CodeIgniter->handleRequest(NULL, Object(Config\Cache), false)
#11 C:\xampp\htdocs\Project_CBSD\public\index.php(37): CodeIgniter\CodeIgniter->run()
#12 C:\xampp\htdocs\Project_CBSD\system\Commands\Server\rewrite.php(43): require_once('C:\\xampp\\htdocs...')
#13 {main}
CRITICAL - 2022-02-07 01:22:30 --> Undefined variable: name
#0 C:\xampp\htdocs\Project_CBSD\app\Views\Name.php(52): CodeIgniter\Debug\Exceptions->errorHandler(8, 'Undefined varia...', 'C:\\xampp\\htdocs...', 52, Array)
#1 C:\xampp\htdocs\Project_CBSD\system\View\View.php(210): include('C:\\xampp\\htdocs...')
#2 C:\xampp\htdocs\Project_CBSD\system\View\View.php(213): CodeIgniter\View\View->CodeIgniter\View\{closure}()
#3 C:\xampp\htdocs\Project_CBSD\system\Common.php(1089): CodeIgniter\View\View->render('Name', Array, true)
#4 C:\xampp\htdocs\Project_CBSD\app\Controllers\Name.php(31): view('Name', Array)
#5 C:\xampp\htdocs\Project_CBSD\system\CodeIgniter.php(825): App\Controllers\Name->addName()
#6 C:\xampp\htdocs\Project_CBSD\system\CodeIgniter.php(412): CodeIgniter\CodeIgniter->runController(Object(App\Controllers\Name))
#7 C:\xampp\htdocs\Project_CBSD\system\CodeIgniter.php(320): CodeIgniter\CodeIgniter->handleRequest(NULL, Object(Config\Cache), false)
#8 C:\xampp\htdocs\Project_CBSD\public\index.php(37): CodeIgniter\CodeIgniter->run()
#9 C:\xampp\htdocs\Project_CBSD\system\Commands\Server\rewrite.php(43): require_once('C:\\xampp\\htdocs...')
#10 {main}
CRITICAL - 2022-02-07 01:27:27 --> Trying to access array offset on value of type null
#0 C:\xampp\htdocs\Project_CBSD\app\Views\EditCategory.php(40): CodeIgniter\Debug\Exceptions->errorHandler(8, 'Trying to acces...', 'C:\\xampp\\htdocs...', 40, Array)
#1 C:\xampp\htdocs\Project_CBSD\system\View\View.php(210): include('C:\\xampp\\htdocs...')
#2 C:\xampp\htdocs\Project_CBSD\system\View\View.php(213): CodeIgniter\View\View->CodeIgniter\View\{closure}()
#3 C:\xampp\htdocs\Project_CBSD\system\Common.php(1089): CodeIgniter\View\View->render('EditCategory', Array, true)
#4 C:\xampp\htdocs\Project_CBSD\app\Controllers\Category.php(37): view('EditCategory', Array)
#5 C:\xampp\htdocs\Project_CBSD\system\CodeIgniter.php(825): App\Controllers\Category->showCategory('42')
#6 C:\xampp\htdocs\Project_CBSD\system\CodeIgniter.php(412): CodeIgniter\CodeIgniter->runController(Object(App\Controllers\Category))
#7 C:\xampp\htdocs\Project_CBSD\system\CodeIgniter.php(320): CodeIgniter\CodeIgniter->handleRequest(NULL, Object(Config\Cache), false)
#8 C:\xampp\htdocs\Project_CBSD\public\index.php(37): CodeIgniter\CodeIgniter->run()
#9 C:\xampp\htdocs\Project_CBSD\system\Commands\Server\rewrite.php(43): require_once('C:\\xampp\\htdocs...')
#10 {main}
ERROR - 2022-02-07 01:28:04 --> Unknown column 'group_id' in 'where clause'
CRITICAL - 2022-02-07 01:28:04 --> Unknown column 'group_id' in 'where clause'
#0 C:\xampp\htdocs\Project_CBSD\system\Database\MySQLi\Connection.php(292): mysqli->query('SELECT *\nFROM `...', 0)
#1 C:\xampp\htdocs\Project_CBSD\system\Database\BaseConnection.php(670): CodeIgniter\Database\MySQLi\Connection->execute('SELECT *\nFROM `...')
#2 C:\xampp\htdocs\Project_CBSD\system\Database\BaseConnection.php(598): CodeIgniter\Database\BaseConnection->simpleQuery('SELECT *\nFROM `...')
#3 C:\xampp\htdocs\Project_CBSD\system\Database\BaseBuilder.php(1455): CodeIgniter\Database\BaseConnection->query('SELECT *\nFROM `...', Array, false)
#4 C:\xampp\htdocs\Project_CBSD\system\Model.php(210): CodeIgniter\Database\BaseBuilder->get()
#5 C:\xampp\htdocs\Project_CBSD\system\BaseModel.php(622): CodeIgniter\Model->doFirst()
#6 C:\xampp\htdocs\Project_CBSD\app\Controllers\Name.php(37): CodeIgniter\BaseModel->first()
#7 C:\xampp\htdocs\Project_CBSD\system\CodeIgniter.php(825): App\Controllers\Name->showName('1')
#8 C:\xampp\htdocs\Project_CBSD\system\CodeIgniter.php(412): CodeIgniter\CodeIgniter->runController(Object(App\Controllers\Name))
#9 C:\xampp\htdocs\Project_CBSD\system\CodeIgniter.php(320): CodeIgniter\CodeIgniter->handleRequest(NULL, Object(Config\Cache), false)
#10 C:\xampp\htdocs\Project_CBSD\public\index.php(37): CodeIgniter\CodeIgniter->run()
#11 C:\xampp\htdocs\Project_CBSD\system\Commands\Server\rewrite.php(43): require_once('C:\\xampp\\htdocs...')
#12 {main}
ERROR - 2022-02-07 01:28:11 --> Unknown column 'group_id' in 'where clause'
CRITICAL - 2022-02-07 01:28:11 --> Unknown column 'group_id' in 'where clause'
#0 C:\xampp\htdocs\Project_CBSD\system\Database\MySQLi\Connection.php(292): mysqli->query('SELECT *\nFROM `...', 0)
#1 C:\xampp\htdocs\Project_CBSD\system\Database\BaseConnection.php(670): CodeIgniter\Database\MySQLi\Connection->execute('SELECT *\nFROM `...')
#2 C:\xampp\htdocs\Project_CBSD\system\Database\BaseConnection.php(598): CodeIgniter\Database\BaseConnection->simpleQuery('SELECT *\nFROM `...')
#3 C:\xampp\htdocs\Project_CBSD\system\Database\BaseBuilder.php(1455): CodeIgniter\Database\BaseConnection->query('SELECT *\nFROM `...', Array, false)
#4 C:\xampp\htdocs\Project_CBSD\system\Model.php(210): CodeIgniter\Database\BaseBuilder->get()
#5 C:\xampp\htdocs\Project_CBSD\system\BaseModel.php(622): CodeIgniter\Model->doFirst()
#6 C:\xampp\htdocs\Project_CBSD\app\Controllers\Name.php(37): CodeIgniter\BaseModel->first()
#7 C:\xampp\htdocs\Project_CBSD\system\CodeIgniter.php(825): App\Controllers\Name->showName('42')
#8 C:\xampp\htdocs\Project_CBSD\system\CodeIgniter.php(412): CodeIgniter\CodeIgniter->runController(Object(App\Controllers\Name))
#9 C:\xampp\htdocs\Project_CBSD\system\CodeIgniter.php(320): CodeIgniter\CodeIgniter->handleRequest(NULL, Object(Config\Cache), false)
#10 C:\xampp\htdocs\Project_CBSD\public\index.php(37): CodeIgniter\CodeIgniter->run()
#11 C:\xampp\htdocs\Project_CBSD\system\Commands\Server\rewrite.php(43): require_once('C:\\xampp\\htdocs...')
#12 {main}
CRITICAL - 2022-02-07 01:28:36 --> Undefined index: group_id
#0 C:\xampp\htdocs\Project_CBSD\app\Views\EditCategory.php(40): CodeIgniter\Debug\Exceptions->errorHandler(8, 'Undefined index...', 'C:\\xampp\\htdocs...', 40, Array)
#1 C:\xampp\htdocs\Project_CBSD\system\View\View.php(210): include('C:\\xampp\\htdocs...')
#2 C:\xampp\htdocs\Project_CBSD\system\View\View.php(213): CodeIgniter\View\View->CodeIgniter\View\{closure}()
#3 C:\xampp\htdocs\Project_CBSD\system\Common.php(1089): CodeIgniter\View\View->render('EditCategory', Array, true)
#4 C:\xampp\htdocs\Project_CBSD\app\Controllers\Name.php(38): view('EditCategory', Array)
#5 C:\xampp\htdocs\Project_CBSD\system\CodeIgniter.php(825): App\Controllers\Name->showName('1')
#6 C:\xampp\htdocs\Project_CBSD\system\CodeIgniter.php(412): CodeIgniter\CodeIgniter->runController(Object(App\Controllers\Name))
#7 C:\xampp\htdocs\Project_CBSD\system\CodeIgniter.php(320): CodeIgniter\CodeIgniter->handleRequest(NULL, Object(Config\Cache), false)
#8 C:\xampp\htdocs\Project_CBSD\public\index.php(37): CodeIgniter\CodeIgniter->run()
#9 C:\xampp\htdocs\Project_CBSD\system\Commands\Server\rewrite.php(43): require_once('C:\\xampp\\htdocs...')
#10 {main}
CRITICAL - 2022-02-07 01:28:55 --> Undefined index: group_id
#0 C:\xampp\htdocs\Project_CBSD\app\Views\EditCategory.php(40): CodeIgniter\Debug\Exceptions->errorHandler(8, 'Undefined index...', 'C:\\xampp\\htdocs...', 40, Array)
#1 C:\xampp\htdocs\Project_CBSD\system\View\View.php(210): include('C:\\xampp\\htdocs...')
#2 C:\xampp\htdocs\Project_CBSD\system\View\View.php(213): CodeIgniter\View\View->CodeIgniter\View\{closure}()
#3 C:\xampp\htdocs\Project_CBSD\system\Common.php(1089): CodeIgniter\View\View->render('EditCategory', Array, true)
#4 C:\xampp\htdocs\Project_CBSD\app\Controllers\Name.php(38): view('EditCategory', Array)
#5 C:\xampp\htdocs\Project_CBSD\system\CodeIgniter.php(825): App\Controllers\Name->showName('1')
#6 C:\xampp\htdocs\Project_CBSD\system\CodeIgniter.php(412): CodeIgniter\CodeIgniter->runController(Object(App\Controllers\Name))
#7 C:\xampp\htdocs\Project_CBSD\system\CodeIgniter.php(320): CodeIgniter\CodeIgniter->handleRequest(NULL, Object(Config\Cache), false)
#8 C:\xampp\htdocs\Project_CBSD\public\index.php(37): CodeIgniter\CodeIgniter->run()
#9 C:\xampp\htdocs\Project_CBSD\system\Commands\Server\rewrite.php(43): require_once('C:\\xampp\\htdocs...')
#10 {main}
CRITICAL - 2022-02-07 01:28:59 --> Undefined index: group_id
#0 C:\xampp\htdocs\Project_CBSD\app\Views\EditCategory.php(40): CodeIgniter\Debug\Exceptions->errorHandler(8, 'Undefined index...', 'C:\\xampp\\htdocs...', 40, Array)
#1 C:\xampp\htdocs\Project_CBSD\system\View\View.php(210): include('C:\\xampp\\htdocs...')
#2 C:\xampp\htdocs\Project_CBSD\system\View\View.php(213): CodeIgniter\View\View->CodeIgniter\View\{closure}()
#3 C:\xampp\htdocs\Project_CBSD\system\Common.php(1089): CodeIgniter\View\View->render('EditCategory', Array, true)
#4 C:\xampp\htdocs\Project_CBSD\app\Controllers\Name.php(38): view('EditCategory', Array)
#5 C:\xampp\htdocs\Project_CBSD\system\CodeIgniter.php(825): App\Controllers\Name->showName('1')
#6 C:\xampp\htdocs\Project_CBSD\system\CodeIgniter.php(412): CodeIgniter\CodeIgniter->runController(Object(App\Controllers\Name))
#7 C:\xampp\htdocs\Project_CBSD\system\CodeIgniter.php(320): CodeIgniter\CodeIgniter->handleRequest(NULL, Object(Config\Cache), false)
#8 C:\xampp\htdocs\Project_CBSD\public\index.php(37): CodeIgniter\CodeIgniter->run()
#9 C:\xampp\htdocs\Project_CBSD\system\Commands\Server\rewrite.php(43): require_once('C:\\xampp\\htdocs...')
#10 {main}
ERROR - 2022-02-07 01:31:37 --> Duplicate entry '45' for key 'PRIMARY'
CRITICAL - 2022-02-07 01:31:37 --> Duplicate entry '45' for key 'PRIMARY'
#0 C:\xampp\htdocs\Project_CBSD\system\Database\MySQLi\Connection.php(292): mysqli->query('UPDATE `km_unit...', 0)
#1 C:\xampp\htdocs\Project_CBSD\system\Database\BaseConnection.php(670): CodeIgniter\Database\MySQLi\Connection->execute('UPDATE `km_unit...')
#2 C:\xampp\htdocs\Project_CBSD\system\Database\BaseConnection.php(598): CodeIgniter\Database\BaseConnection->simpleQuery('UPDATE `km_unit...')
#3 C:\xampp\htdocs\Project_CBSD\system\Database\BaseBuilder.php(1913): CodeIgniter\Database\BaseConnection->query('UPDATE `km_unit...', Array, false)
#4 C:\xampp\htdocs\Project_CBSD\system\Model.php(298): CodeIgniter\Database\BaseBuilder->update()
#5 C:\xampp\htdocs\Project_CBSD\system\BaseModel.php(865): CodeIgniter\Model->doUpdate(NULL, Array)
#6 C:\xampp\htdocs\Project_CBSD\system\Model.php(651): CodeIgniter\BaseModel->update(NULL, Array)
#7 C:\xampp\htdocs\Project_CBSD\app\Controllers\Name.php(51): CodeIgniter\Model->update(NULL, Array)
#8 C:\xampp\htdocs\Project_CBSD\system\CodeIgniter.php(825): App\Controllers\Name->updateName()
#9 C:\xampp\htdocs\Project_CBSD\system\CodeIgniter.php(412): CodeIgniter\CodeIgniter->runController(Object(App\Controllers\Name))
#10 C:\xampp\htdocs\Project_CBSD\system\CodeIgniter.php(320): CodeIgniter\CodeIgniter->handleRequest(NULL, Object(Config\Cache), false)
#11 C:\xampp\htdocs\Project_CBSD\public\index.php(37): CodeIgniter\CodeIgniter->run()
#12 C:\xampp\htdocs\Project_CBSD\system\Commands\Server\rewrite.php(43): require_once('C:\\xampp\\htdocs...')
#13 {main}
ERROR - 2022-02-07 01:32:18 --> Duplicate entry '45' for key 'PRIMARY'
CRITICAL - 2022-02-07 01:32:18 --> Duplicate entry '45' for key 'PRIMARY'
#0 C:\xampp\htdocs\Project_CBSD\system\Database\MySQLi\Connection.php(292): mysqli->query('UPDATE `km_unit...', 0)
#1 C:\xampp\htdocs\Project_CBSD\system\Database\BaseConnection.php(670): CodeIgniter\Database\MySQLi\Connection->execute('UPDATE `km_unit...')
#2 C:\xampp\htdocs\Project_CBSD\system\Database\BaseConnection.php(598): CodeIgniter\Database\BaseConnection->simpleQuery('UPDATE `km_unit...')
#3 C:\xampp\htdocs\Project_CBSD\system\Database\BaseBuilder.php(1913): CodeIgniter\Database\BaseConnection->query('UPDATE `km_unit...', Array, false)
#4 C:\xampp\htdocs\Project_CBSD\system\Model.php(298): CodeIgniter\Database\BaseBuilder->update()
#5 C:\xampp\htdocs\Project_CBSD\system\BaseModel.php(865): CodeIgniter\Model->doUpdate(NULL, Array)
#6 C:\xampp\htdocs\Project_CBSD\system\Model.php(651): CodeIgniter\BaseModel->update(NULL, Array)
#7 C:\xampp\htdocs\Project_CBSD\app\Controllers\Name.php(51): CodeIgniter\Model->update(NULL, Array)
#8 C:\xampp\htdocs\Project_CBSD\system\CodeIgniter.php(825): App\Controllers\Name->updateName()
#9 C:\xampp\htdocs\Project_CBSD\system\CodeIgniter.php(412): CodeIgniter\CodeIgniter->runController(Object(App\Controllers\Name))
#10 C:\xampp\htdocs\Project_CBSD\system\CodeIgniter.php(320): CodeIgniter\CodeIgniter->handleRequest(NULL, Object(Config\Cache), false)
#11 C:\xampp\htdocs\Project_CBSD\public\index.php(37): CodeIgniter\CodeIgniter->run()
#12 C:\xampp\htdocs\Project_CBSD\system\Commands\Server\rewrite.php(43): require_once('C:\\xampp\\htdocs...')
#13 {main}
ERROR - 2022-02-07 01:40:30 --> Unknown column 'group_id' in 'where clause'
CRITICAL - 2022-02-07 01:40:30 --> Unknown column 'group_id' in 'where clause'
#0 C:\xampp\htdocs\Project_CBSD\system\Database\MySQLi\Connection.php(292): mysqli->query('DELETE FROM `km...', 0)
#1 C:\xampp\htdocs\Project_CBSD\system\Database\BaseConnection.php(670): CodeIgniter\Database\MySQLi\Connection->execute('DELETE FROM `km...')
#2 C:\xampp\htdocs\Project_CBSD\system\Database\BaseConnection.php(598): CodeIgniter\Database\BaseConnection->simpleQuery('DELETE FROM `km...')
#3 C:\xampp\htdocs\Project_CBSD\system\Database\BaseBuilder.php(2225): CodeIgniter\Database\BaseConnection->query('DELETE FROM `km...', Array, false)
#4 C:\xampp\htdocs\Project_CBSD\system\Model.php(359): CodeIgniter\Database\BaseBuilder->delete()
#5 C:\xampp\htdocs\Project_CBSD\system\BaseModel.php(963): CodeIgniter\Model->doDelete(Array, false)
#6 C:\xampp\htdocs\Project_CBSD\app\Controllers\Name.php(56): CodeIgniter\BaseModel->delete(Array)
#7 C:\xampp\htdocs\Project_CBSD\system\CodeIgniter.php(825): App\Controllers\Name->delete('11')
#8 C:\xampp\htdocs\Project_CBSD\system\CodeIgniter.php(412): CodeIgniter\CodeIgniter->runController(Object(App\Controllers\Name))
#9 C:\xampp\htdocs\Project_CBSD\system\CodeIgniter.php(320): CodeIgniter\CodeIgniter->handleRequest(NULL, Object(Config\Cache), false)
#10 C:\xampp\htdocs\Project_CBSD\public\index.php(37): CodeIgniter\CodeIgniter->run()
#11 C:\xampp\htdocs\Project_CBSD\system\Commands\Server\rewrite.php(43): require_once('C:\\xampp\\htdocs...')
#12 {main}
ERROR - 2022-02-07 01:50:10 --> Duplicate entry '8' for key 'PRIMARY'
CRITICAL - 2022-02-07 01:50:10 --> Duplicate entry '8' for key 'PRIMARY'
#0 C:\xampp\htdocs\Project_CBSD\system\Database\MySQLi\Connection.php(292): mysqli->query('INSERT INTO `gr...', 0)
#1 C:\xampp\htdocs\Project_CBSD\system\Database\BaseConnection.php(670): CodeIgniter\Database\MySQLi\Connection->execute('INSERT INTO `gr...')
#2 C:\xampp\htdocs\Project_CBSD\system\Database\BaseConnection.php(598): CodeIgniter\Database\BaseConnection->simpleQuery('INSERT INTO `gr...')
#3 C:\xampp\htdocs\Project_CBSD\system\Database\BaseBuilder.php(1771): CodeIgniter\Database\BaseConnection->query('INSERT INTO `gr...', Array, false)
#4 C:\xampp\htdocs\Project_CBSD\system\Model.php(239): CodeIgniter\Database\BaseBuilder->insert()
#5 C:\xampp\htdocs\Project_CBSD\system\BaseModel.php(738): CodeIgniter\Model->doInsert(Array)
#6 C:\xampp\htdocs\Project_CBSD\system\Model.php(625): CodeIgniter\BaseModel->insert(Array, true)
#7 C:\xampp\htdocs\Project_CBSD\app\Controllers\Category.php(29): CodeIgniter\Model->insert(Array)
#8 C:\xampp\htdocs\Project_CBSD\system\CodeIgniter.php(825): App\Controllers\Category->addCategory()
#9 C:\xampp\htdocs\Project_CBSD\system\CodeIgniter.php(412): CodeIgniter\CodeIgniter->runController(Object(App\Controllers\Category))
#10 C:\xampp\htdocs\Project_CBSD\system\CodeIgniter.php(320): CodeIgniter\CodeIgniter->handleRequest(NULL, Object(Config\Cache), false)
#11 C:\xampp\htdocs\Project_CBSD\public\index.php(37): CodeIgniter\CodeIgniter->run()
#12 C:\xampp\htdocs\Project_CBSD\system\Commands\Server\rewrite.php(43): require_once('C:\\xampp\\htdocs...')
#13 {main}
CRITICAL - 2022-02-07 01:51:08 --> Trying to access array offset on value of type null
#0 C:\xampp\htdocs\Project_CBSD\app\Views\EditCategory.php(40): CodeIgniter\Debug\Exceptions->errorHandler(8, 'Trying to acces...', 'C:\\xampp\\htdocs...', 40, Array)
#1 C:\xampp\htdocs\Project_CBSD\system\View\View.php(210): include('C:\\xampp\\htdocs...')
#2 C:\xampp\htdocs\Project_CBSD\system\View\View.php(213): CodeIgniter\View\View->CodeIgniter\View\{closure}()
#3 C:\xampp\htdocs\Project_CBSD\system\Common.php(1089): CodeIgniter\View\View->render('EditCategory', Array, true)
#4 C:\xampp\htdocs\Project_CBSD\app\Controllers\Category.php(37): view('EditCategory', Array)
#5 C:\xampp\htdocs\Project_CBSD\system\CodeIgniter.php(825): App\Controllers\Category->showCategory('9')
#6 C:\xampp\htdocs\Project_CBSD\system\CodeIgniter.php(412): CodeIgniter\CodeIgniter->runController(Object(App\Controllers\Category))
#7 C:\xampp\htdocs\Project_CBSD\system\CodeIgniter.php(320): CodeIgniter\CodeIgniter->handleRequest(NULL, Object(Config\Cache), false)
#8 C:\xampp\htdocs\Project_CBSD\public\index.php(37): CodeIgniter\CodeIgniter->run()
#9 C:\xampp\htdocs\Project_CBSD\system\Commands\Server\rewrite.php(43): require_once('C:\\xampp\\htdocs...')
#10 {main}
